c:\users\aquar\onedrive\documents\repos\advancedproceduralmethods\bin\desktop_2015\x64\debug\advancedprocedural-1901120.lib
c:\users\aquar\onedrive\documents\repos\advancedproceduralmethods\bin\desktop_2015\x64\debug\advancedprocedural-1901120.exp
c:\users\aquar\onedrive\documents\repos\advancedproceduralmethods\bin\desktop_2015\x64\debug\advancedprocedural-1901120.pch
c:\users\aquar\onedrive\documents\repos\advancedproceduralmethods\bin\desktop_2015\x64\debug\vc142.pdb
c:\users\aquar\onedrive\documents\repos\advancedproceduralmethods\bin\desktop_2015\x64\debug\vc142.idb
c:\users\aquar\onedrive\documents\repos\advancedproceduralmethods\bin\desktop_2015\x64\debug\pch.obj
c:\users\aquar\onedrive\documents\repos\advancedproceduralmethods\bin\desktop_2015\x64\debug\pixelshader.obj
c:\users\aquar\onedrive\documents\repos\advancedproceduralmethods\bin\desktop_2015\x64\debug\noise.obj
c:\users\aquar\onedrive\documents\repos\advancedproceduralmethods\bin\desktop_2015\x64\debug\main.obj
c:\users\aquar\onedrive\documents\repos\advancedproceduralmethods\bin\desktop_2015\x64\debug\light.obj
c:\users\aquar\onedrive\documents\repos\advancedproceduralmethods\bin\desktop_2015\x64\debug\kdtree.obj
c:\users\aquar\onedrive\documents\repos\advancedproceduralmethods\bin\desktop_2015\x64\debug\input.obj
c:\users\aquar\onedrive\documents\repos\advancedproceduralmethods\bin\desktop_2015\x64\debug\imgui_widgets.obj
c:\users\aquar\onedrive\documents\repos\advancedproceduralmethods\bin\desktop_2015\x64\debug\imgui_impl_win32.obj
c:\users\aquar\onedrive\documents\repos\advancedproceduralmethods\bin\desktop_2015\x64\debug\imgui_impl_dx11.obj
c:\users\aquar\onedrive\documents\repos\advancedproceduralmethods\bin\desktop_2015\x64\debug\imgui_draw.obj
c:\users\aquar\onedrive\documents\repos\advancedproceduralmethods\bin\desktop_2015\x64\debug\imgui_demo.obj
c:\users\aquar\onedrive\documents\repos\advancedproceduralmethods\bin\desktop_2015\x64\debug\imgui.obj
c:\users\aquar\onedrive\documents\repos\advancedproceduralmethods\bin\desktop_2015\x64\debug\hullshader.obj
c:\users\aquar\onedrive\documents\repos\advancedproceduralmethods\bin\desktop_2015\x64\debug\geometryoutputshader.obj
c:\users\aquar\onedrive\documents\repos\advancedproceduralmethods\bin\desktop_2015\x64\debug\geometrydata.obj
c:\users\aquar\onedrive\documents\repos\advancedproceduralmethods\bin\desktop_2015\x64\debug\game.obj
c:\users\aquar\onedrive\documents\repos\advancedproceduralmethods\bin\desktop_2015\x64\debug\domainshader.obj
c:\users\aquar\onedrive\documents\repos\advancedproceduralmethods\bin\desktop_2015\x64\debug\deviceresources.obj
c:\users\aquar\onedrive\documents\repos\advancedproceduralmethods\bin\desktop_2015\x64\debug\d3dclass.obj
c:\users\aquar\onedrive\documents\repos\advancedproceduralmethods\bin\desktop_2015\x64\debug\camera.obj
c:\users\aquar\onedrive\documents\repos\advancedproceduralmethods\bin\desktop_2015\x64\debug\vertexshader.obj
c:\users\aquar\onedrive\documents\repos\advancedproceduralmethods\bin\desktop_2015\x64\debug\timerclass.obj
c:\users\aquar\onedrive\documents\repos\advancedproceduralmethods\bin\desktop_2015\x64\debug\textureclass.obj
c:\users\aquar\onedrive\documents\repos\advancedproceduralmethods\bin\desktop_2015\x64\debug\skydomeshader.obj
c:\users\aquar\onedrive\documents\repos\advancedproceduralmethods\bin\desktop_2015\x64\debug\skydome.obj
c:\users\aquar\onedrive\documents\repos\advancedproceduralmethods\bin\desktop_2015\x64\debug\shadowmap.obj
c:\users\aquar\onedrive\documents\repos\advancedproceduralmethods\bin\desktop_2015\x64\debug\rendertextureclass.obj
c:\users\aquar\onedrive\documents\repos\advancedproceduralmethods\bin\desktop_2015\x64\debug\rendertexture.obj
c:\users\aquar\onedrive\documents\repos\advancedproceduralmethods\depth_ps.cso
c:\users\aquar\onedrive\documents\repos\advancedproceduralmethods\depth_vs.cso
c:\users\aquar\onedrive\documents\repos\advancedproceduralmethods\geometry_vs.cso
c:\users\aquar\onedrive\documents\repos\advancedproceduralmethods\marchingcube_gs.cso
c:\users\aquar\onedrive\documents\repos\advancedproceduralmethods\marchingcube_vs.cso
c:\users\aquar\onedrive\documents\repos\advancedproceduralmethods\skydome_ps.cso
c:\users\aquar\onedrive\documents\repos\advancedproceduralmethods\skydome_vs.cso
c:\users\aquar\onedrive\documents\repos\advancedproceduralmethods\tessellation_ds.cso
c:\users\aquar\onedrive\documents\repos\advancedproceduralmethods\tessellation_hs.cso
c:\users\aquar\onedrive\documents\repos\advancedproceduralmethods\triplanar_displacement_ps.cso
c:\users\aquar\onedrive\documents\repos\advancedproceduralmethods\bin\desktop_2015\x64\debug\advancedprocedural-1901120.exe
c:\users\aquar\onedrive\documents\repos\advancedproceduralmethods\bin\desktop_2015\x64\debug\advancedprocedural-1901120.ilk
c:\users\aquar\onedrive\documents\repos\advancedproceduralmethods\bin\desktop_2015\x64\debug\advancedprocedural-1901120.pdb
c:\users\aquar\onedrive\documents\repos\advancedproceduralmethods\bin\desktop_2015\x64\debug\resource.res
c:\users\aquar\onedrive\documents\repos\advancedproceduralmethods\bin\desktop_2015\x64\debug\advancedprocedural-1901120.exe.embed.manifest.res
c:\users\aquar\onedrive\documents\repos\advancedproceduralmethods\bin\desktop_2015\x64\debug\advancedprocedural-1901120.exe.embed.manifest
c:\users\aquar\onedrive\documents\repos\advancedproceduralmethods\bin\desktop_2015\x64\debug\advancedprocedural-1901120_manifest.rc
c:\users\aquar\onedrive\documents\repos\advancedproceduralmethods\bin\desktop_2015\x64\debug\advanced.2c4f0429.tlog\advancedprocedural-1901120.write.1u.tlog
c:\users\aquar\onedrive\documents\repos\advancedproceduralmethods\bin\desktop_2015\x64\debug\advanced.2c4f0429.tlog\cl.command.1.tlog
c:\users\aquar\onedrive\documents\repos\advancedproceduralmethods\bin\desktop_2015\x64\debug\advanced.2c4f0429.tlog\cl.read.1.tlog
c:\users\aquar\onedrive\documents\repos\advancedproceduralmethods\bin\desktop_2015\x64\debug\advanced.2c4f0429.tlog\cl.write.1.tlog
c:\users\aquar\onedrive\documents\repos\advancedproceduralmethods\bin\desktop_2015\x64\debug\advanced.2c4f0429.tlog\fxc.command.1.tlog
c:\users\aquar\onedrive\documents\repos\advancedproceduralmethods\bin\desktop_2015\x64\debug\advanced.2c4f0429.tlog\fxc.read.1.tlog
c:\users\aquar\onedrive\documents\repos\advancedproceduralmethods\bin\desktop_2015\x64\debug\advanced.2c4f0429.tlog\fxc.write.1.tlog
c:\users\aquar\onedrive\documents\repos\advancedproceduralmethods\bin\desktop_2015\x64\debug\advanced.2c4f0429.tlog\link.command.1.tlog
c:\users\aquar\onedrive\documents\repos\advancedproceduralmethods\bin\desktop_2015\x64\debug\advanced.2c4f0429.tlog\link.read.1.tlog
c:\users\aquar\onedrive\documents\repos\advancedproceduralmethods\bin\desktop_2015\x64\debug\advanced.2c4f0429.tlog\link.write.1.tlog
c:\users\aquar\onedrive\documents\repos\advancedproceduralmethods\bin\desktop_2015\x64\debug\advanced.2c4f0429.tlog\rc.command.1.tlog
c:\users\aquar\onedrive\documents\repos\advancedproceduralmethods\bin\desktop_2015\x64\debug\advanced.2c4f0429.tlog\rc.read.1.tlog
c:\users\aquar\onedrive\documents\repos\advancedproceduralmethods\bin\desktop_2015\x64\debug\advanced.2c4f0429.tlog\rc.write.1.tlog
